[1.603s] DEBUG:colcon:Command line arguments: ['/usr/bin/colcon', 'list', '-n']
[1.604s] DEBUG:colcon:Parsed command line arguments: Namespace(base_paths=['.'], build_base='build', ignore_user_meta=False, log_base=None, log_level=None, main=<bound method ListVerb.main of <colcon_package_information.verb.list.ListVerb object at 0x7fa28478d0>>, metas=['./colcon.meta'], names_only=True, packages_above=None, packages_above_and_dependencies=None, packages_above_depth=None, packages_end=None, packages_ignore=None, packages_ignore_regex=None, packages_select=None, packages_select_build_failed=False, packages_select_by_dep=None, packages_select_regex=None, packages_select_test_failures=False, packages_skip=None, packages_skip_build_finished=False, packages_skip_by_dep=None, packages_skip_regex=None, packages_skip_test_passed=False, packages_skip_up_to=None, packages_start=None, packages_up_to=None, packages_up_to_regex=None, paths=None, paths_only=False, topological_graph=False, topological_graph_density=False, topological_graph_dot=False, topological_graph_dot_cluster=False, topological_graph_dot_include_skipped=False, topological_graph_legend=False, topological_order=False, verb_extension=<colcon_package_information.verb.list.ListVerb object at 0x7fa28478d0>, verb_name='list', verb_parser=<colcon_defaults.argument_parser.defaults.DefaultArgumentsDecorator object at 0x7fa2856588>)
[1.703s] Level 1:colcon.colcon_core.package_discovery:discover_packages(colcon_meta) check parameters
[1.703s] Level 1:colcon.colcon_core.package_discovery:discover_packages(recursive) check parameters
[1.704s] Level 1:colcon.colcon_core.package_discovery:discover_packages(ignore) check parameters
[1.704s] Level 1:colcon.colcon_core.package_discovery:discover_packages(path) check parameters
[1.705s] Level 1:colcon.colcon_core.package_discovery:discover_packages(colcon_meta) discover
[1.706s] Level 1:colcon.colcon_core.package_discovery:discover_packages(recursive) discover
[1.707s] INFO:colcon.colcon_core.package_discovery:Crawling recursively for packages in '/home/nvidia/ae_ws'
[1.707s] Level 1:colcon.colcon_core.package_identification:_identify(.) by extensions ['ignore', 'ignore_ament_install']
[1.708s] Level 1:colcon.colcon_core.package_identification:_identify(.) by extension 'ignore'
[1.709s] Level 1:colcon.colcon_core.package_identification:_identify(.) by extension 'ignore_ament_install'
[1.709s] Level 1:colcon.colcon_core.package_identification:_identify(.) by extensions ['colcon_pkg']
[1.710s] Level 1:colcon.colcon_core.package_identification:_identify(.) by extension 'colcon_pkg'
[1.710s] Level 1:colcon.colcon_core.package_identification:_identify(.) by extensions ['colcon_meta']
[1.711s] Level 1:colcon.colcon_core.package_identification:_identify(.) by extension 'colcon_meta'
[1.711s] Level 1:colcon.colcon_core.package_identification:_identify(.) by extensions ['ros']
[1.712s] Level 1:colcon.colcon_core.package_identification:_identify(.) by extension 'ros'
[1.776s] Level 1:colcon.colcon_core.package_identification:_identify(.) by extensions ['cmake', 'python']
[1.777s] Level 1:colcon.colcon_core.package_identification:_identify(.) by extension 'cmake'
[1.777s] Level 1:colcon.colcon_core.package_identification:_identify(.) by extension 'python'
[1.777s] Level 1:colcon.colcon_core.package_identification:_identify(.) by extensions ['python_setup_py']
[1.778s] Level 1:colcon.colcon_core.package_identification:_identify(.) by extension 'python_setup_py'
[1.779s] Level 1:colcon.colcon_core.package_identification:_identify(build) by extensions ['ignore', 'ignore_ament_install']
[1.780s] Level 1:colcon.colcon_core.package_identification:_identify(build) by extension 'ignore'
[1.780s] Level 1:colcon.colcon_core.package_identification:_identify(build) by extension 'ignore_ament_install'
[1.781s] Level 1:colcon.colcon_core.package_identification:_identify(build) by extensions ['colcon_pkg']
[1.781s] Level 1:colcon.colcon_core.package_identification:_identify(build) by extension 'colcon_pkg'
[1.782s] Level 1:colcon.colcon_core.package_identification:_identify(build) by extensions ['colcon_meta']
[1.782s] Level 1:colcon.colcon_core.package_identification:_identify(build) by extension 'colcon_meta'
[1.783s] Level 1:colcon.colcon_core.package_identification:_identify(build) by extensions ['ros']
[1.783s] Level 1:colcon.colcon_core.package_identification:_identify(build) by extension 'ros'
[1.784s] Level 1:colcon.colcon_core.package_identification:_identify(build) ignored
[1.786s] Level 1:colcon.colcon_core.package_identification:_identify(devel) by extensions ['ignore', 'ignore_ament_install']
[1.787s] Level 1:colcon.colcon_core.package_identification:_identify(devel) by extension 'ignore'
[1.787s] Level 1:colcon.colcon_core.package_identification:_identify(devel) by extension 'ignore_ament_install'
[1.788s] Level 1:colcon.colcon_core.package_identification:_identify(devel) ignored
[1.788s] Level 1:colcon.colcon_core.package_identification:_identify(log) by extensions ['ignore', 'ignore_ament_install']
[1.789s] Level 1:colcon.colcon_core.package_identification:_identify(log) by extension 'ignore'
[1.789s] Level 1:colcon.colcon_core.package_identification:_identify(log) ignored
[1.790s] Level 1:colcon.colcon_core.package_identification:_identify(src) by extensions ['ignore', 'ignore_ament_install']
[1.790s] Level 1:colcon.colcon_core.package_identification:_identify(src) by extension 'ignore'
[1.791s] Level 1:colcon.colcon_core.package_identification:_identify(src) by extension 'ignore_ament_install'
[1.791s] Level 1:colcon.colcon_core.package_identification:_identify(src) by extensions ['colcon_pkg']
[1.791s] Level 1:colcon.colcon_core.package_identification:_identify(src) by extension 'colcon_pkg'
[1.792s] Level 1:colcon.colcon_core.package_identification:_identify(src) by extensions ['colcon_meta']
[1.792s] Level 1:colcon.colcon_core.package_identification:_identify(src) by extension 'colcon_meta'
[1.792s] Level 1:colcon.colcon_core.package_identification:_identify(src) by extensions ['ros']
[1.793s] Level 1:colcon.colcon_core.package_identification:_identify(src) by extension 'ros'
[1.793s] Level 1:colcon.colcon_core.package_identification:_identify(src) by extensions ['cmake', 'python']
[1.793s] Level 1:colcon.colcon_core.package_identification:_identify(src) by extension 'cmake'
[1.813s] Level 1:colcon.colcon_core.package_identification:_identify(src) by extension 'python'
[1.813s] DEBUG:colcon.colcon_core.package_identification:Package 'src' with type 'cmake' and name 'Project'
[1.813s] Level 1:colcon.colcon_core.package_discovery:discover_packages(recursive) using defaults
[1.814s] Level 1:colcon.colcon_core.package_discovery:discover_packages(ignore) discover
[1.815s] Level 1:colcon.colcon_core.package_discovery:discover_packages(ignore) using defaults
[1.815s] Level 1:colcon.colcon_core.package_discovery:discover_packages(path) discover
[1.815s] Level 1:colcon.colcon_core.package_discovery:discover_packages(path) using defaults
